# JRE version: Java(TM) SE Runtime Environment (18.0.2.1+1) (build 18.0.2.1+1-1)
# Java VM: Java HotSpot(TM) 64-Bit Server VM (18.0.2.1+1-1, mixed mode, sharing, tiered, compressed oops, compressed class ptrs, g1 gc, windows-amd64)
GC Precious Log:
 CardTable entry size: 512
 Card Set container configuration: InlinePtr #cards 5 size 8 Array Of Cards #cards 12 size 40 Howl #buckets 4 coarsen threshold 1843 Howl Bitmap #cards 512 size 80 coarsen threshold 460 Card regions per heap region 1 cards per card region 2048
 CPUs: 8 total, 8 available
 Memory: 8064M
 Large Page Support: Disabled
 NUMA Support: Disabled
 Compressed Oops: Enabled (32-bit)
 Heap Region Size: 1M
 Heap Min Capacity: 8M
 Heap Initial Capacity: 128M
 Heap Max Capacity: 2G
 Pre-touch: Disabled
 Parallel Workers: 8
 Concurrent Workers: 2
 Concurrent Refinement Workers: 8
 Periodic GC: Disabled
Heap:
 garbage-first heap   total 337920K, used 261120K [0x0000000080000000, 0x0000000100000000)
  region size 1024K, 5 young (5120K), 5 survivors (5120K)
 Metaspace       used 104547K, committed 106560K, reserved 1179648K
  class space    used 14269K, committed 15296K, reserved 1048576K
GC Heap History (20 events):
Event: 16.639 GC heap after
{Heap after GC invocations=34 (full 0):
 garbage-first heap   total 242688K, used 146264K [0x0000000080000000, 0x0000000100000000)
  region size 1024K, 6 young (6144K), 6 survivors (6144K)
 Metaspace       used 81222K, committed 83136K, reserved 1179648K
  class space    used 11133K, committed 12096K, reserved 1048576K
}
Event: 17.104 GC heap before
{Heap before GC invocations=35 (full 0):
 garbage-first heap   total 242688K, used 165720K [0x0000000080000000, 0x0000000100000000)
  region size 1024K, 49 young (50176K), 6 survivors (6144K)
 Metaspace       used 82937K, committed 84864K, reserved 1179648K
  class space    used 11284K, committed 12288K, reserved 1048576K
}
Event: 17.111 GC heap after
{Heap after GC invocations=36 (full 0):
 garbage-first heap   total 242688K, used 129619K [0x0000000080000000, 0x0000000100000000)
  region size 1024K, 7 young (7168K), 7 survivors (7168K)
 Metaspace       used 82937K, committed 84864K, reserved 1179648K
  class space    used 11284K, committed 12288K, reserved 1048576K
}
Event: 17.120 GC heap before
{Heap before GC invocations=36 (full 0):
 garbage-first heap   total 242688K, used 133715K [0x0000000080000000, 0x0000000100000000)
  region size 1024K, 11 young (11264K), 7 survivors (7168K)
 Metaspace       used 82946K, committed 84864K, reserved 1179648K
  class space    used 11284K, committed 12288K, reserved 1048576K
}
Event: 17.142 GC heap after
{Heap after GC invocations=37 (full 0):
 garbage-first heap   total 329728K, used 111723K [0x0000000080000000, 0x0000000100000000)
  region size 1024K, 2 young (2048K), 2 survivors (2048K)
 Metaspace       used 82946K, committed 84864K, reserved 1179648K
  class space    used 11284K, committed 12288K, reserved 1048576K
}
Event: 19.220 GC heap before
{Heap before GC invocations=37 (full 0):
 garbage-first heap   total 329728K, used 239723K [0x0000000080000000, 0x0000000100000000)
  region size 1024K, 124 young (126976K), 2 survivors (2048K)
 Metaspace       used 85274K, committed 87168K, reserved 1179648K
  class space    used 11513K, committed 12480K, reserved 1048576K
}
Event: 19.225 GC heap after
{Heap after GC invocations=38 (full 0):
 garbage-first heap   total 329728K, used 116732K [0x0000000080000000, 0x0000000100000000)
  region size 1024K, 7 young (7168K), 7 survivors (7168K)
 Metaspace       used 85274K, committed 87168K, reserved 1179648K
  class space    used 11513K, committed 12480K, reserved 1048576K
}
Event: 20.140 GC heap before
{Heap before GC invocations=38 (full 0):
 garbage-first heap   total 329728K, used 242684K [0x0000000080000000, 0x0000000100000000)
  region size 1024K, 131 young (134144K), 7 survivors (7168K)
 Metaspace       used 87757K, committed 89728K, reserved 1179648K
  class space    used 11815K, committed 12800K, reserved 1048576K
}
Event: 20.149 GC heap after
{Heap after GC invocations=39 (full 0):
 garbage-first heap   total 329728K, used 124675K [0x0000000080000000, 0x0000000100000000)
  region size 1024K, 15 young (15360K), 15 survivors (15360K)
 Metaspace       used 87757K, committed 89728K, reserved 1179648K
  class space    used 11815K, committed 12800K, reserved 1048576K
}
Event: 20.951 GC heap before
{Heap before GC invocations=39 (full 0):
 garbage-first heap   total 329728K, used 250627K [0x0000000080000000, 0x0000000100000000)
  region size 1024K, 139 young (142336K), 15 survivors (15360K)
 Metaspace       used 92280K, committed 94144K, reserved 1179648K
  class space    used 12422K, committed 13376K, reserved 1048576K
}
Event: 20.969 GC heap after
{Heap after GC invocations=40 (full 0):
 garbage-first heap   total 329728K, used 140689K [0x0000000080000000, 0x0000000100000000)
  region size 1024K, 18 young (18432K), 18 survivors (18432K)
 Metaspace       used 92280K, committed 94144K, reserved 1179648K
  class space    used 12422K, committed 13376K, reserved 1048576K
}
Event: 22.578 GC heap before
{Heap before GC invocations=41 (full 0):
 garbage-first heap   total 329728K, used 258449K [0x0000000080000000, 0x0000000100000000)
  region size 1024K, 128 young (131072K), 18 survivors (18432K)
 Metaspace       used 103399K, committed 105472K, reserved 1179648K
  class space    used 14097K, committed 15168K, reserved 1048576K
}
Event: 22.589 GC heap after
{Heap after GC invocations=42 (full 0):
 garbage-first heap   total 329728K, used 148110K [0x0000000080000000, 0x0000000100000000)
  region size 1024K, 6 young (6144K), 6 survivors (6144K)
 Metaspace       used 103399K, committed 105472K, reserved 1179648K
  class space    used 14097K, committed 15168K, reserved 1048576K
}
Event: 22.723 GC heap before
{Heap before GC invocations=42 (full 0):
 garbage-first heap   total 329728K, used 184974K [0x0000000080000000, 0x0000000100000000)
  region size 1024K, 16 young (16384K), 6 survivors (6144K)
 Metaspace       used 103776K, committed 105792K, reserved 1179648K
  class space    used 14157K, committed 15168K, reserved 1048576K
}
Event: 22.728 GC heap after
{Heap after GC invocations=43 (full 0):
 garbage-first heap   total 329728K, used 165157K [0x0000000080000000, 0x0000000100000000)
  region size 1024K, 2 young (2048K), 2 survivors (2048K)
 Metaspace       used 103776K, committed 105792K, reserved 1179648K
  class space    used 14157K, committed 15168K, reserved 1048576K
}
Event: 23.142 GC heap before
{Heap before GC invocations=43 (full 0):
 garbage-first heap   total 329728K, used 299301K [0x0000000080000000, 0x0000000100000000)
  region size 1024K, 94 young (96256K), 2 survivors (2048K)
 Metaspace       used 103867K, committed 105920K, reserved 1179648K
  class space    used 14162K, committed 15232K, reserved 1048576K
}
Event: 23.168 GC heap after
{Heap after GC invocations=44 (full 0):
 garbage-first heap   total 337920K, used 220133K [0x0000000080000000, 0x0000000100000000)
  region size 1024K, 12 young (12288K), 12 survivors (12288K)
 Metaspace       used 103867K, committed 105920K, reserved 1179648K
  class space    used 14162K, committed 15232K, reserved 1048576K
}
Event: 23.424 GC heap before
{Heap before GC invocations=44 (full 0):
 garbage-first heap   total 337920K, used 270309K [0x0000000080000000, 0x0000000100000000)
  region size 1024K, 61 young (62464K), 12 survivors (12288K)
 Metaspace       used 104529K, committed 106496K, reserved 1179648K
  class space    used 14269K, committed 15296K, reserved 1048576K
}
Event: 23.455 GC heap after
{Heap after GC invocations=45 (full 0):
 garbage-first heap   total 337920K, used 245125K [0x0000000080000000, 0x0000000100000000)
  region size 1024K, 8 young (8192K), 8 survivors (8192K)
 Metaspace       used 104529K, committed 106496K, reserved 1179648K
  class space    used 14269K, committed 15296K, reserved 1048576K
}
Event: 23.523 GC heap before
{Heap before GC invocations=45 (full 0):
 garbage-first heap   total 337920K, used 273797K [0x0000000080000000, 0x0000000100000000)
  region size 1024K, 37 young (37888K), 8 survivors (8192K)
 Metaspace       used 104547K, committed 106560K, reserved 1179648K
  class space    used 14269K, committed 15296K, reserved 1048576K
}

