# JRE version: Java(TM) SE Runtime Environment (18.0.2.1+1) (build 18.0.2.1+1-1)
# Java VM: Java HotSpot(TM) 64-Bit Server VM (18.0.2.1+1-1, mixed mode, sharing, tiered, compressed oops, compressed class ptrs, g1 gc, windows-amd64)
GC Precious Log:
 CardTable entry size: 512
 Card Set container configuration: InlinePtr #cards 5 size 8 Array Of Cards #cards 12 size 40 Howl #buckets 4 coarsen threshold 1843 Howl Bitmap #cards 512 size 80 coarsen threshold 460 Card regions per heap region 1 cards per card region 2048
 CPUs: 8 total, 8 available
 Memory: 8064M
 Large Page Support: Disabled
 NUMA Support: Disabled
 Compressed Oops: Enabled (32-bit)
 Heap Region Size: 1M
 Heap Min Capacity: 8M
 Heap Initial Capacity: 128M
 Heap Max Capacity: 2G
 Pre-touch: Disabled
 Parallel Workers: 8
 Concurrent Workers: 2
 Concurrent Refinement Workers: 8
 Periodic GC: Disabled
Heap:
 garbage-first heap   total 385024K, used 307636K [0x0000000080000000, 0x0000000100000000)
  region size 1024K, 4 young (4096K), 4 survivors (4096K)
 Metaspace       used 90985K, committed 92992K, reserved 1179648K
  class space    used 12667K, committed 13696K, reserved 1048576K
GC Heap History (20 events):
Event: 13.578 GC heap after
{Heap after GC invocations=33 (full 0):
 garbage-first heap   total 171008K, used 91378K [0x0000000080000000, 0x0000000100000000)
  region size 1024K, 1 young (1024K), 1 survivors (1024K)
 Metaspace       used 76229K, committed 78144K, reserved 1179648K
  class space    used 10681K, committed 11648K, reserved 1048576K
}
Event: 14.503 GC heap before
{Heap before GC invocations=33 (full 0):
 garbage-first heap   total 171008K, used 151794K [0x0000000080000000, 0x0000000100000000)
  region size 1024K, 44 young (45056K), 1 survivors (1024K)
 Metaspace       used 77767K, committed 79616K, reserved 1179648K
  class space    used 10838K, committed 11776K, reserved 1048576K
}
Event: 14.511 GC heap after
{Heap after GC invocations=34 (full 0):
 garbage-first heap   total 171008K, used 105789K [0x0000000080000000, 0x0000000100000000)
  region size 1024K, 6 young (6144K), 6 survivors (6144K)
 Metaspace       used 77767K, committed 79616K, reserved 1179648K
  class space    used 10838K, committed 11776K, reserved 1048576K
}
Event: 14.897 GC heap before
{Heap before GC invocations=35 (full 0):
 garbage-first heap   total 183296K, used 132413K [0x0000000080000000, 0x0000000100000000)
  region size 1024K, 35 young (35840K), 6 survivors (6144K)
 Metaspace       used 79231K, committed 81152K, reserved 1179648K
  class space    used 11013K, committed 12032K, reserved 1048576K
}
Event: 14.903 GC heap after
{Heap after GC invocations=36 (full 0):
 garbage-first heap   total 183296K, used 106652K [0x0000000080000000, 0x0000000100000000)
  region size 1024K, 3 young (3072K), 3 survivors (3072K)
 Metaspace       used 79231K, committed 81152K, reserved 1179648K
  class space    used 11013K, committed 12032K, reserved 1048576K
}
Event: 14.957 GC heap before
{Heap before GC invocations=36 (full 0):
 garbage-first heap   total 183296K, used 110748K [0x0000000080000000, 0x0000000100000000)
  region size 1024K, 8 young (8192K), 3 survivors (3072K)
 Metaspace       used 79430K, committed 81344K, reserved 1179648K
  class space    used 11030K, committed 12032K, reserved 1048576K
}
Event: 14.961 GC heap after
{Heap after GC invocations=37 (full 0):
 garbage-first heap   total 183296K, used 107372K [0x0000000080000000, 0x0000000100000000)
  region size 1024K, 1 young (1024K), 1 survivors (1024K)
 Metaspace       used 79430K, committed 81344K, reserved 1179648K
  class space    used 11030K, committed 12032K, reserved 1048576K
}
Event: 15.291 GC heap before
{Heap before GC invocations=37 (full 0):
 garbage-first heap   total 183296K, used 143212K [0x0000000080000000, 0x0000000100000000)
  region size 1024K, 37 young (37888K), 1 survivors (1024K)
 Metaspace       used 80341K, committed 82304K, reserved 1179648K
  class space    used 11125K, committed 12160K, reserved 1048576K
}
Event: 15.297 GC heap after
{Heap after GC invocations=38 (full 0):
 garbage-first heap   total 366592K, used 108983K [0x0000000080000000, 0x0000000100000000)
  region size 1024K, 3 young (3072K), 3 survivors (3072K)
 Metaspace       used 80341K, committed 82304K, reserved 1179648K
  class space    used 11125K, committed 12160K, reserved 1048576K
}
Event: 16.572 GC heap before
{Heap before GC invocations=38 (full 0):
 garbage-first heap   total 366592K, used 260535K [0x0000000080000000, 0x0000000100000000)
  region size 1024K, 133 young (136192K), 3 survivors (3072K)
 Metaspace       used 85440K, committed 87360K, reserved 1179648K
  class space    used 11779K, committed 12800K, reserved 1048576K
}
Event: 16.582 GC heap after
{Heap after GC invocations=39 (full 0):
 garbage-first heap   total 366592K, used 142934K [0x0000000080000000, 0x0000000100000000)
  region size 1024K, 17 young (17408K), 17 survivors (17408K)
 Metaspace       used 85440K, committed 87360K, reserved 1179648K
  class space    used 11779K, committed 12800K, reserved 1048576K
}
Event: 17.459 GC heap before
{Heap before GC invocations=39 (full 0):
 garbage-first heap   total 366592K, used 327254K [0x0000000080000000, 0x0000000100000000)
  region size 1024K, 144 young (147456K), 17 survivors (17408K)
 Metaspace       used 89918K, committed 91840K, reserved 1179648K
  class space    used 12528K, committed 13504K, reserved 1048576K
}
Event: 17.506 GC heap after
{Heap after GC invocations=40 (full 0):
 garbage-first heap   total 385024K, used 207421K [0x0000000080000000, 0x0000000100000000)
  region size 1024K, 18 young (18432K), 18 survivors (18432K)
 Metaspace       used 89918K, committed 91840K, reserved 1179648K
  class space    used 12528K, committed 13504K, reserved 1048576K
}
Event: 17.934 GC heap before
{Heap before GC invocations=40 (full 0):
 garbage-first heap   total 385024K, used 290365K [0x0000000080000000, 0x0000000100000000)
  region size 1024K, 100 young (102400K), 18 survivors (18432K)
 Metaspace       used 90948K, committed 92928K, reserved 1179648K
  class space    used 12667K, committed 13696K, reserved 1048576K
}
Event: 17.990 GC heap after
{Heap after GC invocations=41 (full 0):
 garbage-first heap   total 385024K, used 248130K [0x0000000080000000, 0x0000000100000000)
  region size 1024K, 13 young (13312K), 13 survivors (13312K)
 Metaspace       used 90948K, committed 92928K, reserved 1179648K
  class space    used 12667K, committed 13696K, reserved 1048576K
}
Event: 18.112 GC heap before
{Heap before GC invocations=41 (full 0):
 garbage-first heap   total 385024K, used 299330K [0x0000000080000000, 0x0000000100000000)
  region size 1024K, 64 young (65536K), 13 survivors (13312K)
 Metaspace       used 90969K, committed 92992K, reserved 1179648K
  class space    used 12667K, committed 13696K, reserved 1048576K
}
Event: 18.147 GC heap after
{Heap after GC invocations=42 (full 0):
 garbage-first heap   total 385024K, used 274868K [0x0000000080000000, 0x0000000100000000)
  region size 1024K, 8 young (8192K), 8 survivors (8192K)
 Metaspace       used 90969K, committed 92992K, reserved 1179648K
  class space    used 12667K, committed 13696K, reserved 1048576K
}
Event: 18.246 GC heap before
{Heap before GC invocations=42 (full 0):
 garbage-first heap   total 385024K, used 309684K [0x0000000080000000, 0x0000000100000000)
  region size 1024K, 42 young (43008K), 8 survivors (8192K)
 Metaspace       used 90984K, committed 92992K, reserved 1179648K
  class space    used 12667K, committed 13696K, reserved 1048576K
}
Event: 18.263 GC heap after
{Heap after GC invocations=43 (full 0):
 garbage-first heap   total 385024K, used 293300K [0x0000000080000000, 0x0000000100000000)
  region size 1024K, 6 young (6144K), 6 survivors (6144K)
 Metaspace       used 90984K, committed 92992K, reserved 1179648K
  class space    used 12667K, committed 13696K, reserved 1048576K
}
Event: 18.362 GC heap before
{Heap before GC invocations=43 (full 0):
 garbage-first heap   total 385024K, used 316852K [0x0000000080000000, 0x0000000100000000)
  region size 1024K, 30 young (30720K), 6 survivors (6144K)
 Metaspace       used 90985K, committed 92992K, reserved 1179648K
  class space    used 12667K, committed 13696K, reserved 1048576K
}

