# JRE version: Java(TM) SE Runtime Environment (18.0.2.1+1) (build 18.0.2.1+1-1)
# Java VM: Java HotSpot(TM) 64-Bit Server VM (18.0.2.1+1-1, mixed mode, sharing, tiered, compressed oops, compressed class ptrs, g1 gc, windows-amd64)
GC Precious Log:
 CardTable entry size: 512
 Card Set container configuration: InlinePtr #cards 5 size 8 Array Of Cards #cards 12 size 40 Howl #buckets 4 coarsen threshold 1843 Howl Bitmap #cards 512 size 80 coarsen threshold 460 Card regions per heap region 1 cards per card region 2048
 CPUs: 8 total, 8 available
 Memory: 8064M
 Large Page Support: Disabled
 NUMA Support: Disabled
 Compressed Oops: Enabled (32-bit)
 Heap Region Size: 1M
 Heap Min Capacity: 8M
 Heap Initial Capacity: 128M
 Heap Max Capacity: 2G
 Pre-touch: Disabled
 Parallel Workers: 8
 Concurrent Workers: 2
 Concurrent Refinement Workers: 8
 Periodic GC: Disabled
Heap:
 garbage-first heap   total 280576K, used 177454K [0x0000000080000000, 0x0000000100000000)
  region size 1024K, 17 young (17408K), 8 survivors (8192K)
 Metaspace       used 84392K, committed 86464K, reserved 1179648K
  class space    used 11506K, committed 12544K, reserved 1048576K
GC Heap History (20 events):
Event: 5.638 GC heap before
{Heap before GC invocations=22 (full 0):
 garbage-first heap   total 191488K, used 133704K [0x0000000080000000, 0x0000000100000000)
  region size 1024K, 28 young (28672K), 3 survivors (3072K)
 Metaspace       used 54096K, committed 55808K, reserved 1114112K
  class space    used 7429K, committed 8320K, reserved 1048576K
}
Event: 5.641 GC heap after
{Heap after GC invocations=23 (full 0):
 garbage-first heap   total 191488K, used 111647K [0x0000000080000000, 0x0000000100000000)
  region size 1024K, 6 young (6144K), 6 survivors (6144K)
 Metaspace       used 54096K, committed 55808K, reserved 1114112K
  class space    used 7429K, committed 8320K, reserved 1048576K
}
Event: 5.958 GC heap before
{Heap before GC invocations=24 (full 0):
 garbage-first heap   total 209920K, used 155679K [0x0000000080000000, 0x0000000100000000)
  region size 1024K, 43 young (44032K), 6 survivors (6144K)
 Metaspace       used 56599K, committed 58368K, reserved 1114112K
  class space    used 7749K, committed 8640K, reserved 1048576K
}
Event: 5.961 GC heap after
{Heap after GC invocations=25 (full 0):
 garbage-first heap   total 209920K, used 115207K [0x0000000080000000, 0x0000000100000000)
  region size 1024K, 6 young (6144K), 6 survivors (6144K)
 Metaspace       used 56599K, committed 58368K, reserved 1114112K
  class space    used 7749K, committed 8640K, reserved 1048576K
}
Event: 6.069 GC heap before
{Heap before GC invocations=25 (full 0):
 garbage-first heap   total 209920K, used 126471K [0x0000000080000000, 0x0000000100000000)
  region size 1024K, 18 young (18432K), 6 survivors (6144K)
 Metaspace       used 57577K, committed 59328K, reserved 1114112K
  class space    used 7854K, committed 8768K, reserved 1048576K
}
Event: 6.073 GC heap after
{Heap after GC invocations=26 (full 0):
 garbage-first heap   total 209920K, used 116634K [0x0000000080000000, 0x0000000100000000)
  region size 1024K, 2 young (2048K), 2 survivors (2048K)
 Metaspace       used 57577K, committed 59328K, reserved 1114112K
  class space    used 7854K, committed 8768K, reserved 1048576K
}
Event: 6.418 GC heap before
{Heap before GC invocations=27 (full 0):
 garbage-first heap   total 209920K, used 163738K [0x0000000080000000, 0x0000000100000000)
  region size 1024K, 47 young (48128K), 2 survivors (2048K)
 Metaspace       used 59147K, committed 60928K, reserved 1114112K
  class space    used 8067K, committed 8960K, reserved 1048576K
}
Event: 6.422 GC heap after
{Heap after GC invocations=28 (full 0):
 garbage-first heap   total 209920K, used 119419K [0x0000000080000000, 0x0000000100000000)
  region size 1024K, 5 young (5120K), 5 survivors (5120K)
 Metaspace       used 59147K, committed 60928K, reserved 1114112K
  class space    used 8067K, committed 8960K, reserved 1048576K
}
Event: 6.913 GC heap before
{Heap before GC invocations=28 (full 0):
 garbage-first heap   total 209920K, used 165499K [0x0000000080000000, 0x0000000100000000)
  region size 1024K, 50 young (51200K), 5 survivors (5120K)
 Metaspace       used 64355K, committed 66176K, reserved 1114112K
  class space    used 8959K, committed 9920K, reserved 1048576K
}
Event: 6.918 GC heap after
{Heap after GC invocations=29 (full 0):
 garbage-first heap   total 209920K, used 122467K [0x0000000080000000, 0x0000000100000000)
  region size 1024K, 7 young (7168K), 7 survivors (7168K)
 Metaspace       used 64355K, committed 66176K, reserved 1114112K
  class space    used 8959K, committed 9920K, reserved 1048576K
}
Event: 7.064 GC heap before
{Heap before GC invocations=30 (full 0):
 garbage-first heap   total 215040K, used 131683K [0x0000000080000000, 0x0000000100000000)
  region size 1024K, 17 young (17408K), 7 survivors (7168K)
 Metaspace       used 65804K, committed 67648K, reserved 1114112K
  class space    used 9157K, committed 10112K, reserved 1048576K
}
Event: 7.069 GC heap after
{Heap after GC invocations=31 (full 0):
 garbage-first heap   total 215040K, used 123427K [0x0000000080000000, 0x0000000100000000)
  region size 1024K, 4 young (4096K), 4 survivors (4096K)
 Metaspace       used 65804K, committed 67648K, reserved 1114112K
  class space    used 9157K, committed 10112K, reserved 1048576K
}
Event: 7.565 GC heap before
{Heap before GC invocations=32 (full 0):
 garbage-first heap   total 261120K, used 201251K [0x0000000080000000, 0x0000000100000000)
  region size 1024K, 54 young (55296K), 4 survivors (4096K)
 Metaspace       used 69850K, committed 71744K, reserved 1114112K
  class space    used 9723K, committed 10688K, reserved 1048576K
}
Event: 7.571 GC heap after
{Heap after GC invocations=33 (full 0):
 garbage-first heap   total 261120K, used 159355K [0x0000000080000000, 0x0000000100000000)
  region size 1024K, 7 young (7168K), 7 survivors (7168K)
 Metaspace       used 69850K, committed 71744K, reserved 1114112K
  class space    used 9723K, committed 10688K, reserved 1048576K
}
Event: 7.772 GC heap before
{Heap before GC invocations=33 (full 0):
 garbage-first heap   total 261120K, used 181883K [0x0000000080000000, 0x0000000100000000)
  region size 1024K, 31 young (31744K), 7 survivors (7168K)
 Metaspace       used 72442K, committed 74368K, reserved 1114112K
  class space    used 10074K, committed 11072K, reserved 1048576K
}
Event: 7.776 GC heap after
{Heap after GC invocations=34 (full 0):
 garbage-first heap   total 261120K, used 162012K [0x0000000080000000, 0x0000000100000000)
  region size 1024K, 3 young (3072K), 3 survivors (3072K)
 Metaspace       used 72442K, committed 74368K, reserved 1114112K
  class space    used 10074K, committed 11072K, reserved 1048576K
}
Event: 8.413 GC heap before
{Heap before GC invocations=35 (full 0):
 garbage-first heap   total 280576K, used 213212K [0x0000000080000000, 0x0000000100000000)
  region size 1024K, 52 young (53248K), 3 survivors (3072K)
 Metaspace       used 79723K, committed 81728K, reserved 1179648K
  class space    used 10980K, committed 12032K, reserved 1048576K
}
Event: 8.418 GC heap after
{Heap after GC invocations=36 (full 0):
 garbage-first heap   total 280576K, used 164223K [0x0000000080000000, 0x0000000100000000)
  region size 1024K, 5 young (5120K), 5 survivors (5120K)
 Metaspace       used 79723K, committed 81728K, reserved 1179648K
  class space    used 10980K, committed 12032K, reserved 1048576K
}
Event: 8.977 GC heap before
{Heap before GC invocations=36 (full 0):
 garbage-first heap   total 280576K, used 223615K [0x0000000080000000, 0x0000000100000000)
  region size 1024K, 64 young (65536K), 5 survivors (5120K)
 Metaspace       used 84342K, committed 86336K, reserved 1179648K
  class space    used 11506K, committed 12544K, reserved 1048576K
}
Event: 8.984 GC heap after
{Heap after GC invocations=37 (full 0):
 garbage-first heap   total 280576K, used 169262K [0x0000000080000000, 0x0000000100000000)
  region size 1024K, 8 young (8192K), 8 survivors (8192K)
 Metaspace       used 84342K, committed 86336K, reserved 1179648K
  class space    used 11506K, committed 12544K, reserved 1048576K
}

