# JRE version: OpenJDK Runtime Environment (11.0.15) (build 11.0.15+0-b2043.56-8887301)
# Java VM: OpenJDK 64-Bit Server VM (11.0.15+0-b2043.56-8887301, mixed mode, tiered, compressed oops, g1 gc, windows-amd64)
Heap:
 garbage-first heap   total 787456K, used 296448K [0x0000000080000000, 0x0000000100000000)
  region size 1024K, 5 young (5120K), 5 survivors (5120K)
 Metaspace       used 97635K, capacity 100446K, committed 100764K, reserved 1136640K
  class space    used 12953K, capacity 14011K, committed 14080K, reserved 1048576K
GC Heap History (20 events):
Event: 17.587 GC heap after
{Heap after GC invocations=38 (full 0):
 garbage-first heap   total 204800K, used 162912K [0x0000000080000000, 0x0000000100000000)
  region size 1024K, 3 young (3072K), 3 survivors (3072K)
 Metaspace       used 92791K, capacity 95498K, committed 95900K, reserved 1132544K
  class space    used 12165K, capacity 13135K, committed 13312K, reserved 1048576K
}
Event: 17.670 GC heap before
{Heap before GC invocations=38 (full 0):
 garbage-first heap   total 204800K, used 175200K [0x0000000080000000, 0x0000000100000000)
  region size 1024K, 14 young (14336K), 3 survivors (3072K)
 Metaspace       used 92897K, capacity 95583K, committed 95900K, reserved 1132544K
  class space    used 12180K, capacity 13208K, committed 13312K, reserved 1048576K
}
Event: 17.679 GC heap after
{Heap after GC invocations=39 (full 0):
 garbage-first heap   total 204800K, used 169511K [0x0000000080000000, 0x0000000100000000)
  region size 1024K, 2 young (2048K), 2 survivors (2048K)
 Metaspace       used 92897K, capacity 95583K, committed 95900K, reserved 1132544K
  class space    used 12180K, capacity 13208K, committed 13312K, reserved 1048576K
}
Event: 17.727 GC heap before
{Heap before GC invocations=39 (full 0):
 garbage-first heap   total 204800K, used 176679K [0x0000000080000000, 0x0000000100000000)
  region size 1024K, 10 young (10240K), 2 survivors (2048K)
 Metaspace       used 92909K, capacity 95589K, committed 95900K, reserved 1132544K
  class space    used 12182K, capacity 13210K, committed 13312K, reserved 1048576K
}
Event: 17.735 GC heap after
{Heap after GC invocations=40 (full 0):
 garbage-first heap   total 245760K, used 172853K [0x0000000080000000, 0x0000000100000000)
  region size 1024K, 2 young (2048K), 2 survivors (2048K)
 Metaspace       used 92909K, capacity 95589K, committed 95900K, reserved 1132544K
  class space    used 12182K, capacity 13210K, committed 13312K, reserved 1048576K
}
Event: 17.869 GC heap before
{Heap before GC invocations=41 (full 0):
 garbage-first heap   total 245760K, used 193333K [0x0000000080000000, 0x0000000100000000)
  region size 1024K, 24 young (24576K), 2 survivors (2048K)
 Metaspace       used 92960K, capacity 95661K, committed 95900K, reserved 1132544K
  class space    used 12190K, capacity 13213K, committed 13312K, reserved 1048576K
}
Event: 17.884 GC heap after
{Heap after GC invocations=42 (full 0):
 garbage-first heap   total 245760K, used 182352K [0x0000000080000000, 0x0000000100000000)
  region size 1024K, 4 young (4096K), 4 survivors (4096K)
 Metaspace       used 92960K, capacity 95661K, committed 95900K, reserved 1132544K
  class space    used 12190K, capacity 13213K, committed 13312K, reserved 1048576K
}
Event: 18.213 GC heap before
{Heap before GC invocations=43 (full 0):
 garbage-first heap   total 245760K, used 203856K [0x0000000080000000, 0x0000000100000000)
  region size 1024K, 22 young (22528K), 4 survivors (4096K)
 Metaspace       used 94942K, capacity 97737K, committed 97948K, reserved 1134592K
  class space    used 12653K, capacity 13706K, committed 13824K, reserved 1048576K
}
Event: 18.232 GC heap after
{Heap after GC invocations=44 (full 0):
 garbage-first heap   total 245760K, used 193290K [0x0000000080000000, 0x0000000100000000)
  region size 1024K, 3 young (3072K), 3 survivors (3072K)
 Metaspace       used 94942K, capacity 97737K, committed 97948K, reserved 1134592K
  class space    used 12653K, capacity 13706K, committed 13824K, reserved 1048576K
}
Event: 18.386 GC heap before
{Heap before GC invocations=44 (full 0):
 garbage-first heap   total 245760K, used 206602K [0x0000000080000000, 0x0000000100000000)
  region size 1024K, 17 young (17408K), 3 survivors (3072K)
 Metaspace       used 95298K, capacity 98114K, committed 98204K, reserved 1134592K
  class space    used 12674K, capacity 13745K, committed 13824K, reserved 1048576K
}
Event: 18.400 GC heap after
{Heap after GC invocations=45 (full 0):
 garbage-first heap   total 245760K, used 200681K [0x0000000080000000, 0x0000000100000000)
  region size 1024K, 3 young (3072K), 3 survivors (3072K)
 Metaspace       used 95298K, capacity 98114K, committed 98204K, reserved 1134592K
  class space    used 12674K, capacity 13745K, committed 13824K, reserved 1048576K
}
Event: 18.469 GC heap before
{Heap before GC invocations=45 (full 0):
 garbage-first heap   total 245760K, used 210921K [0x0000000080000000, 0x0000000100000000)
  region size 1024K, 13 young (13312K), 3 survivors (3072K)
 Metaspace       used 95315K, capacity 98115K, committed 98204K, reserved 1134592K
  class space    used 12674K, capacity 13745K, committed 13824K, reserved 1048576K
}
Event: 18.481 GC heap after
{Heap after GC invocations=46 (full 0):
 garbage-first heap   total 403456K, used 206795K [0x0000000080000000, 0x0000000100000000)
  region size 1024K, 2 young (2048K), 2 survivors (2048K)
 Metaspace       used 95315K, capacity 98115K, committed 98204K, reserved 1134592K
  class space    used 12674K, capacity 13745K, committed 13824K, reserved 1048576K
}
Event: 18.738 GC heap before
{Heap before GC invocations=46 (full 0):
 garbage-first heap   total 403456K, used 261067K [0x0000000080000000, 0x0000000100000000)
  region size 1024K, 57 young (58368K), 2 survivors (2048K)
 Metaspace       used 95447K, capacity 98261K, committed 98460K, reserved 1134592K
  class space    used 12674K, capacity 13745K, committed 13824K, reserved 1048576K
}
Event: 18.769 GC heap after
{Heap after GC invocations=47 (full 0):
 garbage-first heap   total 403456K, used 233394K [0x0000000080000000, 0x0000000100000000)
  region size 1024K, 8 young (8192K), 8 survivors (8192K)
 Metaspace       used 95447K, capacity 98261K, committed 98460K, reserved 1134592K
  class space    used 12674K, capacity 13745K, committed 13824K, reserved 1048576K
}
Event: 18.892 GC heap before
{Heap before GC invocations=48 (full 0):
 garbage-first heap   total 403456K, used 282546K [0x0000000080000000, 0x0000000100000000)
  region size 1024K, 57 young (58368K), 8 survivors (8192K)
 Metaspace       used 95452K, capacity 98261K, committed 98460K, reserved 1134592K
  class space    used 12674K, capacity 13745K, committed 13824K, reserved 1048576K
}
Event: 18.920 GC heap after
{Heap after GC invocations=49 (full 0):
 garbage-first heap   total 403456K, used 260096K [0x0000000080000000, 0x0000000100000000)
  region size 1024K, 8 young (8192K), 8 survivors (8192K)
 Metaspace       used 95452K, capacity 98261K, committed 98460K, reserved 1134592K
  class space    used 12674K, capacity 13745K, committed 13824K, reserved 1048576K
}
Event: 18.993 GC heap before
{Heap before GC invocations=49 (full 0):
 garbage-first heap   total 403456K, used 300032K [0x0000000080000000, 0x0000000100000000)
  region size 1024K, 48 young (49152K), 8 survivors (8192K)
 Metaspace       used 95453K, capacity 98261K, committed 98460K, reserved 1134592K
  class space    used 12674K, capacity 13745K, committed 13824K, reserved 1048576K
}
Event: 19.028 GC heap after
{Heap after GC invocations=50 (full 0):
 garbage-first heap   total 403456K, used 282624K [0x0000000080000000, 0x0000000100000000)
  region size 1024K, 6 young (6144K), 6 survivors (6144K)
 Metaspace       used 95453K, capacity 98261K, committed 98460K, reserved 1134592K
  class space    used 12674K, capacity 13745K, committed 13824K, reserved 1048576K
}
Event: 19.708 GC heap before
{Heap before GC invocations=51 (full 0):
 garbage-first heap   total 403456K, used 315392K [0x0000000080000000, 0x0000000100000000)
  region size 1024K, 39 young (39936K), 6 survivors (6144K)
 Metaspace       used 97635K, capacity 100446K, committed 100764K, reserved 1136640K
  class space    used 12953K, capacity 14011K, committed 14080K, reserved 1048576K
}

