# JRE version: Java(TM) SE Runtime Environment (18.0.2.1+1) (build 18.0.2.1+1-1)
# Java VM: Java HotSpot(TM) 64-Bit Server VM (18.0.2.1+1-1, mixed mode, sharing, tiered, compressed oops, compressed class ptrs, g1 gc, windows-amd64)
GC Precious Log:
 CardTable entry size: 512
 Card Set container configuration: InlinePtr #cards 5 size 8 Array Of Cards #cards 12 size 40 Howl #buckets 4 coarsen threshold 1843 Howl Bitmap #cards 512 size 80 coarsen threshold 460 Card regions per heap region 1 cards per card region 2048
 CPUs: 8 total, 8 available
 Memory: 8064M
 Large Page Support: Disabled
 NUMA Support: Disabled
 Compressed Oops: Enabled (32-bit)
 Heap Region Size: 1M
 Heap Min Capacity: 8M
 Heap Initial Capacity: 128M
 Heap Max Capacity: 2G
 Pre-touch: Disabled
 Parallel Workers: 8
 Concurrent Workers: 2
 Concurrent Refinement Workers: 8
 Periodic GC: Disabled
Heap:
 garbage-first heap   total 460800K, used 227006K [0x0000000080000000, 0x0000000100000000)
  region size 1024K, 2 young (2048K), 2 survivors (2048K)
 Metaspace       used 114717K, committed 116928K, reserved 1179648K
  class space    used 14919K, committed 16064K, reserved 1048576K
GC Heap History (20 events):
Event: 35.404 GC heap after
{Heap after GC invocations=38 (full 0):
 garbage-first heap   total 366592K, used 170610K [0x0000000080000000, 0x0000000100000000)
  region size 1024K, 9 young (9216K), 9 survivors (9216K)
 Metaspace       used 87059K, committed 89152K, reserved 1179648K
  class space    used 12050K, committed 13120K, reserved 1048576K
}
Event: 40.560 GC heap before
{Heap before GC invocations=38 (full 0):
 garbage-first heap   total 366592K, used 286322K [0x0000000080000000, 0x0000000100000000)
  region size 1024K, 123 young (125952K), 9 survivors (9216K)
 Metaspace       used 97495K, committed 99648K, reserved 1179648K
  class space    used 13160K, committed 14272K, reserved 1048576K
}
Event: 40.577 GC heap after
{Heap after GC invocations=39 (full 0):
 garbage-first heap   total 366592K, used 180847K [0x0000000080000000, 0x0000000100000000)
  region size 1024K, 16 young (16384K), 16 survivors (16384K)
 Metaspace       used 97495K, committed 99648K, reserved 1179648K
  class space    used 13160K, committed 14272K, reserved 1048576K
}
Event: 61.214 GC heap before
{Heap before GC invocations=39 (full 0):
 garbage-first heap   total 366592K, used 291439K [0x0000000080000000, 0x0000000100000000)
  region size 1024K, 125 young (128000K), 16 survivors (16384K)
 Metaspace       used 99761K, committed 101888K, reserved 1179648K
  class space    used 13338K, committed 14464K, reserved 1048576K
}
Event: 61.235 GC heap after
{Heap after GC invocations=40 (full 0):
 garbage-first heap   total 366592K, used 187651K [0x0000000080000000, 0x0000000100000000)
  region size 1024K, 7 young (7168K), 7 survivors (7168K)
 Metaspace       used 99761K, committed 101888K, reserved 1179648K
  class space    used 13338K, committed 14464K, reserved 1048576K
}
Event: 139.331 GC heap before
{Heap before GC invocations=40 (full 0):
 garbage-first heap   total 366592K, used 298243K [0x0000000080000000, 0x0000000100000000)
  region size 1024K, 116 young (118784K), 7 survivors (7168K)
 Metaspace       used 102486K, committed 104640K, reserved 1179648K
  class space    used 13639K, committed 14784K, reserved 1048576K
}
Event: 139.346 GC heap after
{Heap after GC invocations=41 (full 0):
 garbage-first heap   total 366592K, used 200704K [0x0000000080000000, 0x0000000100000000)
  region size 1024K, 15 young (15360K), 15 survivors (15360K)
 Metaspace       used 102486K, committed 104640K, reserved 1179648K
  class space    used 13639K, committed 14784K, reserved 1048576K
}
Event: 140.535 GC heap before
{Heap before GC invocations=42 (full 0):
 garbage-first heap   total 366592K, used 297984K [0x0000000080000000, 0x0000000100000000)
  region size 1024K, 111 young (113664K), 15 survivors (15360K)
 Metaspace       used 107166K, committed 109376K, reserved 1179648K
  class space    used 14188K, committed 15360K, reserved 1048576K
}
Event: 140.557 GC heap after
{Heap after GC invocations=43 (full 0):
 garbage-first heap   total 366592K, used 215040K [0x0000000080000000, 0x0000000100000000)
  region size 1024K, 14 young (14336K), 14 survivors (14336K)
 Metaspace       used 107166K, committed 109376K, reserved 1179648K
  class space    used 14188K, committed 15360K, reserved 1048576K
}
Event: 140.582 GC heap before
{Heap before GC invocations=43 (full 0):
 garbage-first heap   total 366592K, used 227328K [0x0000000080000000, 0x0000000100000000)
  region size 1024K, 17 young (17408K), 14 survivors (14336K)
 Metaspace       used 107167K, committed 109376K, reserved 1179648K
  class space    used 14188K, committed 15360K, reserved 1048576K
}
Event: 140.593 GC heap after
{Heap after GC invocations=44 (full 0):
 garbage-first heap   total 366592K, used 220473K [0x0000000080000000, 0x0000000100000000)
  region size 1024K, 3 young (3072K), 3 survivors (3072K)
 Metaspace       used 107167K, committed 109376K, reserved 1179648K
  class space    used 14188K, committed 15360K, reserved 1048576K
}
Event: 141.397 GC heap before
{Heap before GC invocations=44 (full 0):
 garbage-first heap   total 366592K, used 322873K [0x0000000080000000, 0x0000000100000000)
  region size 1024K, 79 young (80896K), 3 survivors (3072K)
 Metaspace       used 107920K, committed 110144K, reserved 1179648K
  class space    used 14241K, committed 15424K, reserved 1048576K
}
Event: 141.408 GC heap after
{Heap after GC invocations=45 (full 0):
 garbage-first heap   total 366592K, used 236544K [0x0000000080000000, 0x0000000100000000)
  region size 1024K, 10 young (10240K), 10 survivors (10240K)
 Metaspace       used 107920K, committed 110144K, reserved 1179648K
  class space    used 14241K, committed 15424K, reserved 1048576K
}
Event: 141.725 GC heap before
{Heap before GC invocations=45 (full 0):
 garbage-first heap   total 366592K, used 300032K [0x0000000080000000, 0x0000000100000000)
  region size 1024K, 73 young (74752K), 10 survivors (10240K)
 Metaspace       used 110794K, committed 112960K, reserved 1179648K
  class space    used 14480K, committed 15616K, reserved 1048576K
}
Event: 141.739 GC heap after
{Heap after GC invocations=46 (full 0):
 garbage-first heap   total 366592K, used 246302K [0x0000000080000000, 0x0000000100000000)
  region size 1024K, 9 young (9216K), 9 survivors (9216K)
 Metaspace       used 110794K, committed 112960K, reserved 1179648K
  class space    used 14480K, committed 15616K, reserved 1048576K
}
Event: 141.959 GC heap before
{Heap before GC invocations=46 (full 0):
 garbage-first heap   total 366592K, used 303646K [0x0000000080000000, 0x0000000100000000)
  region size 1024K, 66 young (67584K), 9 survivors (9216K)
 Metaspace       used 111973K, committed 114240K, reserved 1179648K
  class space    used 14584K, committed 15744K, reserved 1048576K
}
Event: 141.965 GC heap after
{Heap after GC invocations=47 (full 0):
 garbage-first heap   total 366592K, used 249953K [0x0000000080000000, 0x0000000100000000)
  region size 1024K, 5 young (5120K), 5 survivors (5120K)
 Metaspace       used 111973K, committed 114240K, reserved 1179648K
  class space    used 14584K, committed 15744K, reserved 1048576K
}
Event: 142.231 GC heap before
{Heap before GC invocations=48 (full 0):
 garbage-first heap   total 460800K, used 292961K [0x0000000080000000, 0x0000000100000000)
  region size 1024K, 62 young (63488K), 5 survivors (5120K)
 Metaspace       used 113178K, committed 115392K, reserved 1179648K
  class space    used 14724K, committed 15872K, reserved 1048576K
}
Event: 142.234 GC heap after
{Heap after GC invocations=49 (full 0):
 garbage-first heap   total 460800K, used 234849K [0x0000000080000000, 0x0000000100000000)
  region size 1024K, 4 young (4096K), 4 survivors (4096K)
 Metaspace       used 113178K, committed 115392K, reserved 1179648K
  class space    used 14724K, committed 15872K, reserved 1048576K
}
Event: 142.488 GC heap before
{Heap before GC invocations=49 (full 0):
 garbage-first heap   total 460800K, used 253281K [0x0000000080000000, 0x0000000100000000)
  region size 1024K, 22 young (22528K), 4 survivors (4096K)
 Metaspace       used 114717K, committed 116928K, reserved 1179648K
  class space    used 14919K, committed 16064K, reserved 1048576K
}

