# JRE version: OpenJDK Runtime Environment (11.0.15) (build 11.0.15+0-b2043.56-8887301)
# Java VM: OpenJDK 64-Bit Server VM (11.0.15+0-b2043.56-8887301, mixed mode, tiered, compressed oops, g1 gc, windows-amd64)
Heap:
 garbage-first heap   total 737280K, used 292864K [0x0000000080000000, 0x0000000100000000)
  region size 1024K, 5 young (5120K), 5 survivors (5120K)
 Metaspace       used 95532K, capacity 98330K, committed 98600K, reserved 1134592K
  class space    used 12650K, capacity 13671K, committed 13824K, reserved 1048576K
GC Heap History (20 events):
Event: 17.758 GC heap after
{Heap after GC invocations=42 (full 0):
 garbage-first heap   total 206848K, used 157342K [0x0000000080000000, 0x0000000100000000)
  region size 1024K, 4 young (4096K), 4 survivors (4096K)
 Metaspace       used 92505K, capacity 95181K, committed 95400K, reserved 1132544K
  class space    used 12116K, capacity 13091K, committed 13184K, reserved 1048576K
}
Event: 17.833 GC heap before
{Heap before GC invocations=42 (full 0):
 garbage-first heap   total 206848K, used 173726K [0x0000000080000000, 0x0000000100000000)
  region size 1024K, 21 young (21504K), 4 survivors (4096K)
 Metaspace       used 92678K, capacity 95347K, committed 95784K, reserved 1132544K
  class space    used 12132K, capacity 13124K, committed 13312K, reserved 1048576K
}
Event: 17.845 GC heap after
{Heap after GC invocations=43 (full 0):
 garbage-first heap   total 206848K, used 164525K [0x0000000080000000, 0x0000000100000000)
  region size 1024K, 3 young (3072K), 3 survivors (3072K)
 Metaspace       used 92678K, capacity 95347K, committed 95784K, reserved 1132544K
  class space    used 12132K, capacity 13124K, committed 13312K, reserved 1048576K
}
Event: 17.910 GC heap before
{Heap before GC invocations=43 (full 0):
 garbage-first heap   total 206848K, used 177837K [0x0000000080000000, 0x0000000100000000)
  region size 1024K, 14 young (14336K), 3 survivors (3072K)
 Metaspace       used 92899K, capacity 95511K, committed 95784K, reserved 1132544K
  class space    used 12163K, capacity 13135K, committed 13312K, reserved 1048576K
}
Event: 17.922 GC heap after
{Heap after GC invocations=44 (full 0):
 garbage-first heap   total 248832K, used 171298K [0x0000000080000000, 0x0000000100000000)
  region size 1024K, 2 young (2048K), 2 survivors (2048K)
 Metaspace       used 92899K, capacity 95511K, committed 95784K, reserved 1132544K
  class space    used 12163K, capacity 13135K, committed 13312K, reserved 1048576K
}
Event: 18.105 GC heap before
{Heap before GC invocations=44 (full 0):
 garbage-first heap   total 248832K, used 195874K [0x0000000080000000, 0x0000000100000000)
  region size 1024K, 27 young (27648K), 2 survivors (2048K)
 Metaspace       used 93062K, capacity 95826K, committed 96040K, reserved 1132544K
  class space    used 12184K, capacity 13178K, committed 13312K, reserved 1048576K
}
Event: 18.121 GC heap after
{Heap after GC invocations=45 (full 0):
 garbage-first heap   total 248832K, used 180988K [0x0000000080000000, 0x0000000100000000)
  region size 1024K, 4 young (4096K), 4 survivors (4096K)
 Metaspace       used 93062K, capacity 95826K, committed 96040K, reserved 1132544K
  class space    used 12184K, capacity 13178K, committed 13312K, reserved 1048576K
}
Event: 18.159 GC heap before
{Heap before GC invocations=46 (full 0):
 garbage-first heap   total 248832K, used 186108K [0x0000000080000000, 0x0000000100000000)
  region size 1024K, 11 young (11264K), 4 survivors (4096K)
 Metaspace       used 93076K, capacity 95834K, committed 96040K, reserved 1132544K
  class space    used 12188K, capacity 13181K, committed 13312K, reserved 1048576K
}
Event: 18.170 GC heap after
{Heap after GC invocations=47 (full 0):
 garbage-first heap   total 248832K, used 184491K [0x0000000080000000, 0x0000000100000000)
  region size 1024K, 3 young (3072K), 3 survivors (3072K)
 Metaspace       used 93076K, capacity 95834K, committed 96040K, reserved 1132544K
  class space    used 12188K, capacity 13181K, committed 13312K, reserved 1048576K
}
Event: 18.403 GC heap before
{Heap before GC invocations=47 (full 0):
 garbage-first heap   total 248832K, used 204971K [0x0000000080000000, 0x0000000100000000)
  region size 1024K, 19 young (19456K), 3 survivors (3072K)
 Metaspace       used 94138K, capacity 96923K, committed 96936K, reserved 1132544K
  class space    used 12406K, capacity 13427K, committed 13440K, reserved 1048576K
}
Event: 18.422 GC heap after
{Heap after GC invocations=48 (full 0):
 garbage-first heap   total 248832K, used 194801K [0x0000000080000000, 0x0000000100000000)
  region size 1024K, 3 young (3072K), 3 survivors (3072K)
 Metaspace       used 94138K, capacity 96923K, committed 96936K, reserved 1132544K
  class space    used 12406K, capacity 13427K, committed 13440K, reserved 1048576K
}
Event: 18.633 GC heap before
{Heap before GC invocations=49 (full 0):
 garbage-first heap   total 248832K, used 206065K [0x0000000080000000, 0x0000000100000000)
  region size 1024K, 15 young (15360K), 3 survivors (3072K)
 Metaspace       used 95423K, capacity 98319K, committed 98600K, reserved 1134592K
  class space    used 12678K, capacity 13724K, committed 13824K, reserved 1048576K
}
Event: 18.651 GC heap after
{Heap after GC invocations=50 (full 0):
 garbage-first heap   total 396288K, used 199933K [0x0000000080000000, 0x0000000100000000)
  region size 1024K, 2 young (2048K), 2 survivors (2048K)
 Metaspace       used 95423K, capacity 98319K, committed 98600K, reserved 1134592K
  class space    used 12678K, capacity 13724K, committed 13824K, reserved 1048576K
}
Event: 18.887 GC heap before
{Heap before GC invocations=50 (full 0):
 garbage-first heap   total 396288K, used 255229K [0x0000000080000000, 0x0000000100000000)
  region size 1024K, 56 young (57344K), 2 survivors (2048K)
 Metaspace       used 95589K, capacity 98466K, committed 98600K, reserved 1134592K
  class space    used 12680K, capacity 13726K, committed 13824K, reserved 1048576K
}
Event: 18.913 GC heap after
{Heap after GC invocations=51 (full 0):
 garbage-first heap   total 396288K, used 227328K [0x0000000080000000, 0x0000000100000000)
  region size 1024K, 7 young (7168K), 7 survivors (7168K)
 Metaspace       used 95589K, capacity 98466K, committed 98600K, reserved 1134592K
  class space    used 12680K, capacity 13726K, committed 13824K, reserved 1048576K
}
Event: 19.098 GC heap before
{Heap before GC invocations=51 (full 0):
 garbage-first heap   total 396288K, used 275456K [0x0000000080000000, 0x0000000100000000)
  region size 1024K, 55 young (56320K), 7 survivors (7168K)
 Metaspace       used 95595K, capacity 98466K, committed 98600K, reserved 1134592K
  class space    used 12680K, capacity 13726K, committed 13824K, reserved 1048576K
}
Event: 19.127 GC heap after
{Heap after GC invocations=52 (full 0):
 garbage-first heap   total 396288K, used 253374K [0x0000000080000000, 0x0000000100000000)
  region size 1024K, 7 young (7168K), 7 survivors (7168K)
 Metaspace       used 95595K, capacity 98466K, committed 98600K, reserved 1134592K
  class space    used 12680K, capacity 13726K, committed 13824K, reserved 1048576K
}
Event: 19.285 GC heap before
{Heap before GC invocations=52 (full 0):
 garbage-first heap   total 396288K, used 291262K [0x0000000080000000, 0x0000000100000000)
  region size 1024K, 47 young (48128K), 7 survivors (7168K)
 Metaspace       used 95519K, capacity 98330K, committed 98600K, reserved 1134592K
  class space    used 12650K, capacity 13671K, committed 13824K, reserved 1048576K
}
Event: 19.313 GC heap after
{Heap after GC invocations=53 (full 0):
 garbage-first heap   total 396288K, used 273920K [0x0000000080000000, 0x0000000100000000)
  region size 1024K, 6 young (6144K), 6 survivors (6144K)
 Metaspace       used 95519K, capacity 98330K, committed 98600K, reserved 1134592K
  class space    used 12650K, capacity 13671K, committed 13824K, reserved 1048576K
}
Event: 19.527 GC heap before
{Heap before GC invocations=54 (full 0):
 garbage-first heap   total 396288K, used 307712K [0x0000000080000000, 0x0000000100000000)
  region size 1024K, 39 young (39936K), 6 survivors (6144K)
 Metaspace       used 95532K, capacity 98330K, committed 98600K, reserved 1134592K
  class space    used 12650K, capacity 13671K, committed 13824K, reserved 1048576K
}

