# JRE version: Java(TM) SE Runtime Environment (18.0.2.1+1) (build 18.0.2.1+1-1)
# Java VM: Java HotSpot(TM) 64-Bit Server VM (18.0.2.1+1-1, mixed mode, sharing, tiered, compressed oops, compressed class ptrs, g1 gc, windows-amd64)
GC Precious Log:
 CardTable entry size: 512
 Card Set container configuration: InlinePtr #cards 5 size 8 Array Of Cards #cards 12 size 40 Howl #buckets 4 coarsen threshold 1843 Howl Bitmap #cards 512 size 80 coarsen threshold 460 Card regions per heap region 1 cards per card region 2048
 CPUs: 8 total, 8 available
 Memory: 8064M
 Large Page Support: Disabled
 NUMA Support: Disabled
 Compressed Oops: Enabled (32-bit)
 Heap Region Size: 1M
 Heap Min Capacity: 8M
 Heap Initial Capacity: 128M
 Heap Max Capacity: 2G
 Pre-touch: Disabled
 Parallel Workers: 8
 Concurrent Workers: 2
 Concurrent Refinement Workers: 8
 Periodic GC: Disabled
Heap:
 garbage-first heap   total 275456K, used 161048K [0x0000000080000000, 0x0000000100000000)
  region size 1024K, 1 young (1024K), 1 survivors (1024K)
 Metaspace       used 74283K, committed 76160K, reserved 1114112K
  class space    used 10355K, committed 11328K, reserved 1048576K
GC Heap History (20 events):
Event: 7.875 GC heap after
{Heap after GC invocations=24 (full 0):
 garbage-first heap   total 184320K, used 113259K [0x0000000080000000, 0x0000000100000000)
  region size 1024K, 6 young (6144K), 6 survivors (6144K)
 Metaspace       used 54449K, committed 56128K, reserved 1114112K
  class space    used 7531K, committed 8384K, reserved 1048576K
}
Event: 7.913 GC heap before
{Heap before GC invocations=24 (full 0):
 garbage-first heap   total 184320K, used 116331K [0x0000000080000000, 0x0000000100000000)
  region size 1024K, 9 young (9216K), 6 survivors (6144K)
 Metaspace       used 54928K, committed 56512K, reserved 1114112K
  class space    used 7589K, committed 8384K, reserved 1048576K
}
Event: 7.917 GC heap after
{Heap after GC invocations=25 (full 0):
 garbage-first heap   total 184320K, used 112492K [0x0000000080000000, 0x0000000100000000)
  region size 1024K, 1 young (1024K), 1 survivors (1024K)
 Metaspace       used 54928K, committed 56512K, reserved 1114112K
  class space    used 7589K, committed 8384K, reserved 1048576K
}
Event: 8.238 GC heap before
{Heap before GC invocations=25 (full 0):
 garbage-first heap   total 184320K, used 133996K [0x0000000080000000, 0x0000000100000000)
  region size 1024K, 23 young (23552K), 1 survivors (1024K)
 Metaspace       used 59120K, committed 60800K, reserved 1114112K
  class space    used 8136K, committed 9024K, reserved 1048576K
}
Event: 8.241 GC heap after
{Heap after GC invocations=26 (full 0):
 garbage-first heap   total 184320K, used 114750K [0x0000000080000000, 0x0000000100000000)
  region size 1024K, 3 young (3072K), 3 survivors (3072K)
 Metaspace       used 59120K, committed 60800K, reserved 1114112K
  class space    used 8136K, committed 9024K, reserved 1048576K
}
Event: 8.570 GC heap before
{Heap before GC invocations=27 (full 0):
 garbage-first heap   total 224256K, used 154686K [0x0000000080000000, 0x0000000100000000)
  region size 1024K, 36 young (36864K), 3 survivors (3072K)
 Metaspace       used 61253K, committed 62976K, reserved 1114112K
  class space    used 8414K, committed 9280K, reserved 1048576K
}
Event: 8.574 GC heap after
{Heap after GC invocations=28 (full 0):
 garbage-first heap   total 224256K, used 117643K [0x0000000080000000, 0x0000000100000000)
  region size 1024K, 5 young (5120K), 5 survivors (5120K)
 Metaspace       used 61253K, committed 62976K, reserved 1114112K
  class space    used 8414K, committed 9280K, reserved 1048576K
}
Event: 8.619 GC heap before
{Heap before GC invocations=28 (full 0):
 garbage-first heap   total 224256K, used 122763K [0x0000000080000000, 0x0000000100000000)
  region size 1024K, 10 young (10240K), 5 survivors (5120K)
 Metaspace       used 61567K, committed 63296K, reserved 1114112K
  class space    used 8448K, committed 9344K, reserved 1048576K
}
Event: 8.623 GC heap after
{Heap after GC invocations=29 (full 0):
 garbage-first heap   total 224256K, used 118328K [0x0000000080000000, 0x0000000100000000)
  region size 1024K, 1 young (1024K), 1 survivors (1024K)
 Metaspace       used 61567K, committed 63296K, reserved 1114112K
  class space    used 8448K, committed 9344K, reserved 1048576K
}
Event: 8.738 GC heap before
{Heap before GC invocations=29 (full 0):
 garbage-first heap   total 224256K, used 127544K [0x0000000080000000, 0x0000000100000000)
  region size 1024K, 12 young (12288K), 1 survivors (1024K)
 Metaspace       used 62555K, committed 64256K, reserved 1114112K
  class space    used 8553K, committed 9408K, reserved 1048576K
}
Event: 8.741 GC heap after
{Heap after GC invocations=30 (full 0):
 garbage-first heap   total 224256K, used 118823K [0x0000000080000000, 0x0000000100000000)
  region size 1024K, 2 young (2048K), 2 survivors (2048K)
 Metaspace       used 62555K, committed 64256K, reserved 1114112K
  class space    used 8553K, committed 9408K, reserved 1048576K
}
Event: 9.304 GC heap before
{Heap before GC invocations=31 (full 0):
 garbage-first heap   total 224256K, used 173095K [0x0000000080000000, 0x0000000100000000)
  region size 1024K, 54 young (55296K), 2 survivors (2048K)
 Metaspace       used 64729K, committed 66560K, reserved 1114112K
  class space    used 8849K, committed 9792K, reserved 1048576K
}
Event: 9.310 GC heap after
{Heap after GC invocations=32 (full 0):
 garbage-first heap   total 224256K, used 122659K [0x0000000080000000, 0x0000000100000000)
  region size 1024K, 6 young (6144K), 6 survivors (6144K)
 Metaspace       used 64729K, committed 66560K, reserved 1114112K
  class space    used 8849K, committed 9792K, reserved 1048576K
}
Event: 9.355 GC heap before
{Heap before GC invocations=32 (full 0):
 garbage-first heap   total 224256K, used 126755K [0x0000000080000000, 0x0000000100000000)
  region size 1024K, 10 young (10240K), 6 survivors (6144K)
 Metaspace       used 65143K, committed 67008K, reserved 1114112K
  class space    used 8914K, committed 9920K, reserved 1048576K
}
Event: 9.360 GC heap after
{Heap after GC invocations=33 (full 0):
 garbage-first heap   total 224256K, used 122528K [0x0000000080000000, 0x0000000100000000)
  region size 1024K, 1 young (1024K), 1 survivors (1024K)
 Metaspace       used 65143K, committed 67008K, reserved 1114112K
  class space    used 8914K, committed 9920K, reserved 1048576K
}
Event: 10.054 GC heap before
{Heap before GC invocations=33 (full 0):
 garbage-first heap   total 224256K, used 203424K [0x0000000080000000, 0x0000000100000000)
  region size 1024K, 54 young (55296K), 1 survivors (1024K)
 Metaspace       used 71399K, committed 73280K, reserved 1114112K
  class space    used 9946K, committed 10944K, reserved 1048576K
}
Event: 10.059 GC heap after
{Heap after GC invocations=34 (full 0):
 garbage-first heap   total 224256K, used 158323K [0x0000000080000000, 0x0000000100000000)
  region size 1024K, 7 young (7168K), 7 survivors (7168K)
 Metaspace       used 71399K, committed 73280K, reserved 1114112K
  class space    used 9946K, committed 10944K, reserved 1048576K
}
Event: 10.419 GC heap before
{Heap before GC invocations=35 (full 0):
 garbage-first heap   total 275456K, used 184947K [0x0000000080000000, 0x0000000100000000)
  region size 1024K, 33 young (33792K), 7 survivors (7168K)
 Metaspace       used 73616K, committed 75520K, reserved 1114112K
  class space    used 10261K, committed 11264K, reserved 1048576K
}
Event: 10.424 GC heap after
{Heap after GC invocations=36 (full 0):
 garbage-first heap   total 275456K, used 160424K [0x0000000080000000, 0x0000000100000000)
  region size 1024K, 3 young (3072K), 3 survivors (3072K)
 Metaspace       used 73616K, committed 75520K, reserved 1114112K
  class space    used 10261K, committed 11264K, reserved 1048576K
}
Event: 10.518 GC heap before
{Heap before GC invocations=36 (full 0):
 garbage-first heap   total 275456K, used 170664K [0x0000000080000000, 0x0000000100000000)
  region size 1024K, 13 young (13312K), 3 survivors (3072K)
 Metaspace       used 74283K, committed 76160K, reserved 1114112K
  class space    used 10355K, committed 11328K, reserved 1048576K
}

