# JRE version: Java(TM) SE Runtime Environment (18.0.2.1+1) (build 18.0.2.1+1-1)
# Java VM: Java HotSpot(TM) 64-Bit Server VM (18.0.2.1+1-1, mixed mode, sharing, tiered, compressed oops, compressed class ptrs, g1 gc, windows-amd64)
GC Precious Log:
 CardTable entry size: 512
 Card Set container configuration: InlinePtr #cards 5 size 8 Array Of Cards #cards 12 size 40 Howl #buckets 4 coarsen threshold 1843 Howl Bitmap #cards 512 size 80 coarsen threshold 460 Card regions per heap region 1 cards per card region 2048
 CPUs: 8 total, 8 available
 Memory: 8064M
 Large Page Support: Disabled
 NUMA Support: Disabled
 Compressed Oops: Enabled (32-bit)
 Heap Region Size: 1M
 Heap Min Capacity: 8M
 Heap Initial Capacity: 128M
 Heap Max Capacity: 2G
 Pre-touch: Disabled
 Parallel Workers: 8
 Concurrent Workers: 2
 Concurrent Refinement Workers: 8
 Periodic GC: Disabled
Heap:
 garbage-first heap   total 239616K, used 176297K [0x0000000080000000, 0x0000000100000000)
  region size 1024K, 4 young (4096K), 4 survivors (4096K)
 Metaspace       used 83527K, committed 85440K, reserved 1179648K
  class space    used 11547K, committed 12544K, reserved 1048576K
GC Heap History (20 events):
Event: 8.397 GC heap after
{Heap after GC invocations=29 (full 0):
 garbage-first heap   total 163840K, used 85015K [0x0000000080000000, 0x0000000100000000)
  region size 1024K, 3 young (3072K), 3 survivors (3072K)
 Metaspace       used 73979K, committed 75840K, reserved 1114112K
  class space    used 10384K, committed 11328K, reserved 1048576K
}
Event: 8.422 GC heap before
{Heap before GC invocations=29 (full 0):
 garbage-first heap   total 163840K, used 90135K [0x0000000080000000, 0x0000000100000000)
  region size 1024K, 8 young (8192K), 3 survivors (3072K)
 Metaspace       used 74019K, committed 75840K, reserved 1114112K
  class space    used 10384K, committed 11328K, reserved 1048576K
}
Event: 8.425 GC heap after
{Heap after GC invocations=30 (full 0):
 garbage-first heap   total 163840K, used 85263K [0x0000000080000000, 0x0000000100000000)
  region size 1024K, 1 young (1024K), 1 survivors (1024K)
 Metaspace       used 74019K, committed 75840K, reserved 1114112K
  class space    used 10384K, committed 11328K, reserved 1048576K
}
Event: 8.787 GC heap before
{Heap before GC invocations=30 (full 0):
 garbage-first heap   total 163840K, used 131343K [0x0000000080000000, 0x0000000100000000)
  region size 1024K, 47 young (48128K), 1 survivors (1024K)
 Metaspace       used 74579K, committed 76416K, reserved 1114112K
  class space    used 10438K, committed 11392K, reserved 1048576K
}
Event: 8.791 GC heap after
{Heap after GC invocations=31 (full 0):
 garbage-first heap   total 163840K, used 88330K [0x0000000080000000, 0x0000000100000000)
  region size 1024K, 4 young (4096K), 4 survivors (4096K)
 Metaspace       used 74579K, committed 76416K, reserved 1114112K
  class space    used 10438K, committed 11392K, reserved 1048576K
}
Event: 9.198 GC heap before
{Heap before GC invocations=32 (full 0):
 garbage-first heap   total 171008K, used 133386K [0x0000000080000000, 0x0000000100000000)
  region size 1024K, 49 young (50176K), 4 survivors (4096K)
 Metaspace       used 76191K, committed 78016K, reserved 1179648K
  class space    used 10563K, committed 11520K, reserved 1048576K
}
Event: 9.205 GC heap after
{Heap after GC invocations=33 (full 0):
 garbage-first heap   total 171008K, used 91865K [0x0000000080000000, 0x0000000100000000)
  region size 1024K, 7 young (7168K), 7 survivors (7168K)
 Metaspace       used 76191K, committed 78016K, reserved 1179648K
  class space    used 10563K, committed 11520K, reserved 1048576K
}
Event: 9.209 GC heap before
{Heap before GC invocations=33 (full 0):
 garbage-first heap   total 171008K, used 92889K [0x0000000080000000, 0x0000000100000000)
  region size 1024K, 8 young (8192K), 7 survivors (7168K)
 Metaspace       used 76202K, committed 78016K, reserved 1179648K
  class space    used 10565K, committed 11520K, reserved 1048576K
}
Event: 9.216 GC heap after
{Heap after GC invocations=34 (full 0):
 garbage-first heap   total 239616K, used 91898K [0x0000000080000000, 0x0000000100000000)
  region size 1024K, 1 young (1024K), 1 survivors (1024K)
 Metaspace       used 76202K, committed 78016K, reserved 1179648K
  class space    used 10565K, committed 11520K, reserved 1048576K
}
Event: 9.633 GC heap before
{Heap before GC invocations=34 (full 0):
 garbage-first heap   total 239616K, used 197369K [0x0000000080000000, 0x0000000100000000)
  region size 1024K, 99 young (101376K), 1 survivors (1024K)
 Metaspace       used 78925K, committed 80832K, reserved 1179648K
  class space    used 10925K, committed 11904K, reserved 1048576K
}
Event: 9.637 GC heap after
{Heap after GC invocations=35 (full 0):
 garbage-first heap   total 239616K, used 102212K [0x0000000080000000, 0x0000000100000000)
  region size 1024K, 6 young (6144K), 6 survivors (6144K)
 Metaspace       used 78925K, committed 80832K, reserved 1179648K
  class space    used 10925K, committed 11904K, reserved 1048576K
}
Event: 9.675 GC heap before
{Heap before GC invocations=35 (full 0):
 garbage-first heap   total 239616K, used 117572K [0x0000000080000000, 0x0000000100000000)
  region size 1024K, 12 young (12288K), 6 survivors (6144K)
 Metaspace       used 79208K, committed 81152K, reserved 1179648K
  class space    used 10955K, committed 11968K, reserved 1048576K
}
Event: 9.679 GC heap after
{Heap after GC invocations=36 (full 0):
 garbage-first heap   total 239616K, used 118350K [0x0000000080000000, 0x0000000100000000)
  region size 1024K, 10 young (10240K), 10 survivors (10240K)
 Metaspace       used 79208K, committed 81152K, reserved 1179648K
  class space    used 10955K, committed 11968K, reserved 1048576K
}
Event: 9.998 GC heap before
{Heap before GC invocations=37 (full 0):
 garbage-first heap   total 239616K, used 215630K [0x0000000080000000, 0x0000000100000000)
  region size 1024K, 56 young (57344K), 10 survivors (10240K)
 Metaspace       used 83188K, committed 85056K, reserved 1179648K
  class space    used 11498K, committed 12480K, reserved 1048576K
}
Event: 10.007 GC heap after
{Heap after GC invocations=38 (full 0):
 garbage-first heap   total 239616K, used 151750K [0x0000000080000000, 0x0000000100000000)
  region size 1024K, 7 young (7168K), 7 survivors (7168K)
 Metaspace       used 83188K, committed 85056K, reserved 1179648K
  class space    used 11498K, committed 12480K, reserved 1048576K
}
Event: 10.037 GC heap before
{Heap before GC invocations=38 (full 0):
 garbage-first heap   total 239616K, used 155846K [0x0000000080000000, 0x0000000100000000)
  region size 1024K, 11 young (11264K), 7 survivors (7168K)
 Metaspace       used 83430K, committed 85248K, reserved 1179648K
  class space    used 11538K, committed 12480K, reserved 1048576K
}
Event: 10.040 GC heap after
{Heap after GC invocations=39 (full 0):
 garbage-first heap   total 239616K, used 152269K [0x0000000080000000, 0x0000000100000000)
  region size 1024K, 1 young (1024K), 1 survivors (1024K)
 Metaspace       used 83430K, committed 85248K, reserved 1179648K
  class space    used 11538K, committed 12480K, reserved 1048576K
}
Event: 10.234 GC heap before
{Heap before GC invocations=39 (full 0):
 garbage-first heap   total 239616K, used 186061K [0x0000000080000000, 0x0000000100000000)
  region size 1024K, 32 young (32768K), 1 survivors (1024K)
 Metaspace       used 83527K, committed 85440K, reserved 1179648K
  class space    used 11547K, committed 12544K, reserved 1048576K
}
Event: 10.245 GC heap after
{Heap after GC invocations=40 (full 0):
 garbage-first heap   total 239616K, used 166546K [0x0000000080000000, 0x0000000100000000)
  region size 1024K, 4 young (4096K), 4 survivors (4096K)
 Metaspace       used 83527K, committed 85440K, reserved 1179648K
  class space    used 11547K, committed 12544K, reserved 1048576K
}
Event: 10.356 GC heap before
{Heap before GC invocations=40 (full 0):
 garbage-first heap   total 239616K, used 190098K [0x0000000080000000, 0x0000000100000000)
  region size 1024K, 27 young (27648K), 4 survivors (4096K)
 Metaspace       used 83527K, committed 85440K, reserved 1179648K
  class space    used 11547K, committed 12544K, reserved 1048576K
}

