# JRE version: Java(TM) SE Runtime Environment (18.0.2.1+1) (build 18.0.2.1+1-1)
# Java VM: Java HotSpot(TM) 64-Bit Server VM (18.0.2.1+1-1, mixed mode, sharing, tiered, compressed oops, compressed class ptrs, g1 gc, windows-amd64)
GC Precious Log:
 CardTable entry size: 512
 Card Set container configuration: InlinePtr #cards 5 size 8 Array Of Cards #cards 12 size 40 Howl #buckets 4 coarsen threshold 1843 Howl Bitmap #cards 512 size 80 coarsen threshold 460 Card regions per heap region 1 cards per card region 2048
 CPUs: 8 total, 8 available
 Memory: 8064M
 Large Page Support: Disabled
 NUMA Support: Disabled
 Compressed Oops: Enabled (32-bit)
 Heap Region Size: 1M
 Heap Min Capacity: 8M
 Heap Initial Capacity: 128M
 Heap Max Capacity: 2G
 Pre-touch: Disabled
 Parallel Workers: 8
 Concurrent Workers: 2
 Concurrent Refinement Workers: 8
 Periodic GC: Disabled
Heap:
 garbage-first heap   total 293888K, used 189479K [0x0000000080000000, 0x0000000100000000)
  region size 1024K, 21 young (21504K), 2 survivors (2048K)
 Metaspace       used 86363K, committed 88448K, reserved 1179648K
  class space    used 11660K, committed 12736K, reserved 1048576K
GC Heap History (20 events):
Event: 6.724 GC heap before
{Heap before GC invocations=28 (full 0):
 garbage-first heap   total 209920K, used 163360K [0x0000000080000000, 0x0000000100000000)
  region size 1024K, 47 young (48128K), 2 survivors (2048K)
 Metaspace       used 59170K, committed 60928K, reserved 1114112K
  class space    used 8072K, committed 8960K, reserved 1048576K
}
Event: 6.728 GC heap after
{Heap after GC invocations=29 (full 0):
 garbage-first heap   total 209920K, used 119267K [0x0000000080000000, 0x0000000100000000)
  region size 1024K, 5 young (5120K), 5 survivors (5120K)
 Metaspace       used 59170K, committed 60928K, reserved 1114112K
  class space    used 8072K, committed 8960K, reserved 1048576K
}
Event: 7.185 GC heap before
{Heap before GC invocations=29 (full 0):
 garbage-first heap   total 209920K, used 165347K [0x0000000080000000, 0x0000000100000000)
  region size 1024K, 50 young (51200K), 5 survivors (5120K)
 Metaspace       used 64357K, committed 66240K, reserved 1114112K
  class space    used 8958K, committed 9920K, reserved 1048576K
}
Event: 7.190 GC heap after
{Heap after GC invocations=30 (full 0):
 garbage-first heap   total 209920K, used 122099K [0x0000000080000000, 0x0000000100000000)
  region size 1024K, 7 young (7168K), 7 survivors (7168K)
 Metaspace       used 64357K, committed 66240K, reserved 1114112K
  class space    used 8958K, committed 9920K, reserved 1048576K
}
Event: 7.713 GC heap before
{Heap before GC invocations=31 (full 0):
 garbage-first heap   total 214016K, used 194803K [0x0000000080000000, 0x0000000100000000)
  region size 1024K, 52 young (53248K), 7 survivors (7168K)
 Metaspace       used 68129K, committed 69952K, reserved 1114112K
  class space    used 9488K, committed 10432K, reserved 1048576K
}
Event: 7.719 GC heap after
{Heap after GC invocations=32 (full 0):
 garbage-first heap   total 214016K, used 157793K [0x0000000080000000, 0x0000000100000000)
  region size 1024K, 7 young (7168K), 7 survivors (7168K)
 Metaspace       used 68129K, committed 69952K, reserved 1114112K
  class space    used 9488K, committed 10432K, reserved 1048576K
}
Event: 7.748 GC heap before
{Heap before GC invocations=32 (full 0):
 garbage-first heap   total 214016K, used 160865K [0x0000000080000000, 0x0000000100000000)
  region size 1024K, 10 young (10240K), 7 survivors (7168K)
 Metaspace       used 68683K, committed 70592K, reserved 1114112K
  class space    used 9581K, committed 10560K, reserved 1048576K
}
Event: 7.752 GC heap after
{Heap after GC invocations=33 (full 0):
 garbage-first heap   total 214016K, used 158443K [0x0000000080000000, 0x0000000100000000)
  region size 1024K, 1 young (1024K), 1 survivors (1024K)
 Metaspace       used 68683K, committed 70592K, reserved 1114112K
  class space    used 9581K, committed 10560K, reserved 1048576K
}
Event: 7.850 GC heap before
{Heap before GC invocations=33 (full 0):
 garbage-first heap   total 214016K, used 166635K [0x0000000080000000, 0x0000000100000000)
  region size 1024K, 11 young (11264K), 1 survivors (1024K)
 Metaspace       used 69656K, committed 71552K, reserved 1114112K
  class space    used 9695K, committed 10624K, reserved 1048576K
}
Event: 7.852 GC heap after
{Heap after GC invocations=34 (full 0):
 garbage-first heap   total 257024K, used 159485K [0x0000000080000000, 0x0000000100000000)
  region size 1024K, 2 young (2048K), 2 survivors (2048K)
 Metaspace       used 69656K, committed 71552K, reserved 1114112K
  class space    used 9695K, committed 10624K, reserved 1048576K
}
Event: 8.478 GC heap before
{Heap before GC invocations=35 (full 0):
 garbage-first heap   total 275456K, used 208637K [0x0000000080000000, 0x0000000100000000)
  region size 1024K, 50 young (51200K), 2 survivors (2048K)
 Metaspace       used 77099K, committed 79040K, reserved 1179648K
  class space    used 10644K, committed 11648K, reserved 1048576K
}
Event: 8.483 GC heap after
{Heap after GC invocations=36 (full 0):
 garbage-first heap   total 275456K, used 161704K [0x0000000080000000, 0x0000000100000000)
  region size 1024K, 4 young (4096K), 4 survivors (4096K)
 Metaspace       used 77099K, committed 79040K, reserved 1179648K
  class space    used 10644K, committed 11648K, reserved 1048576K
}
Event: 8.561 GC heap before
{Heap before GC invocations=36 (full 0):
 garbage-first heap   total 275456K, used 170920K [0x0000000080000000, 0x0000000100000000)
  region size 1024K, 13 young (13312K), 4 survivors (4096K)
 Metaspace       used 77767K, committed 79680K, reserved 1179648K
  class space    used 10726K, committed 11712K, reserved 1048576K
}
Event: 8.564 GC heap after
{Heap after GC invocations=37 (full 0):
 garbage-first heap   total 275456K, used 162319K [0x0000000080000000, 0x0000000100000000)
  region size 1024K, 1 young (1024K), 1 survivors (1024K)
 Metaspace       used 77767K, committed 79680K, reserved 1179648K
  class space    used 10726K, committed 11712K, reserved 1048576K
}
Event: 9.298 GC heap before
{Heap before GC invocations=37 (full 0):
 garbage-first heap   total 275456K, used 223759K [0x0000000080000000, 0x0000000100000000)
  region size 1024K, 62 young (63488K), 1 survivors (1024K)
 Metaspace       used 82364K, committed 84352K, reserved 1179648K
  class space    used 11234K, committed 12224K, reserved 1048576K
}
Event: 9.305 GC heap after
{Heap after GC invocations=38 (full 0):
 garbage-first heap   total 275456K, used 167447K [0x0000000080000000, 0x0000000100000000)
  region size 1024K, 6 young (6144K), 6 survivors (6144K)
 Metaspace       used 82364K, committed 84352K, reserved 1179648K
  class space    used 11234K, committed 12224K, reserved 1048576K
}
Event: 9.916 GC heap before
{Heap before GC invocations=39 (full 0):
 garbage-first heap   total 293888K, used 224791K [0x0000000080000000, 0x0000000100000000)
  region size 1024K, 63 young (64512K), 6 survivors (6144K)
 Metaspace       used 83873K, committed 85824K, reserved 1179648K
  class space    used 11353K, committed 12352K, reserved 1048576K
}
Event: 9.922 GC heap after
{Heap after GC invocations=40 (full 0):
 garbage-first heap   total 293888K, used 171099K [0x0000000080000000, 0x0000000100000000)
  region size 1024K, 4 young (4096K), 4 survivors (4096K)
 Metaspace       used 83873K, committed 85824K, reserved 1179648K
  class space    used 11353K, committed 12352K, reserved 1048576K
}
Event: 10.010 GC heap before
{Heap before GC invocations=40 (full 0):
 garbage-first heap   total 293888K, used 181339K [0x0000000080000000, 0x0000000100000000)
  region size 1024K, 14 young (14336K), 4 survivors (4096K)
 Metaspace       used 84235K, committed 86208K, reserved 1179648K
  class space    used 11384K, committed 12416K, reserved 1048576K
}
Event: 10.014 GC heap after
{Heap after GC invocations=41 (full 0):
 garbage-first heap   total 293888K, used 172071K [0x0000000080000000, 0x0000000100000000)
  region size 1024K, 2 young (2048K), 2 survivors (2048K)
 Metaspace       used 84235K, committed 86208K, reserved 1179648K
  class space    used 11384K, committed 12416K, reserved 1048576K
}

