# JRE version: OpenJDK Runtime Environment (11.0.15) (build 11.0.15+0-b2043.56-8887301)
# Java VM: OpenJDK 64-Bit Server VM (11.0.15+0-b2043.56-8887301, mixed mode, tiered, compressed oops, g1 gc, windows-amd64)
Heap:
 garbage-first heap   total 648192K, used 214704K [0x0000000080000000, 0x0000000100000000)
  region size 1024K, 2 young (2048K), 2 survivors (2048K)
 Metaspace       used 113360K, capacity 117213K, committed 117372K, reserved 1150976K
  class space    used 14464K, capacity 15843K, committed 15872K, reserved 1048576K
GC Heap History (20 events):
Event: 180.552 GC heap after
{Heap after GC invocations=107 (full 0):
 garbage-first heap   total 227328K, used 195432K [0x0000000080000000, 0x0000000100000000)
  region size 1024K, 2 young (2048K), 2 survivors (2048K)
 Metaspace       used 106280K, capacity 109819K, committed 110076K, reserved 1144832K
  class space    used 13611K, capacity 14864K, committed 14976K, reserved 1048576K
}
Event: 180.622 GC heap before
{Heap before GC invocations=107 (full 0):
 garbage-first heap   total 227328K, used 203624K [0x0000000080000000, 0x0000000100000000)
  region size 1024K, 11 young (11264K), 2 survivors (2048K)
 Metaspace       used 106293K, capacity 109819K, committed 110076K, reserved 1144832K
  class space    used 13611K, capacity 14864K, committed 14976K, reserved 1048576K
}
Event: 180.625 GC heap after
{Heap after GC invocations=108 (full 0):
 garbage-first heap   total 227328K, used 195317K [0x0000000080000000, 0x0000000100000000)
  region size 1024K, 2 young (2048K), 2 survivors (2048K)
 Metaspace       used 106293K, capacity 109819K, committed 110076K, reserved 1144832K
  class space    used 13611K, capacity 14864K, committed 14976K, reserved 1048576K
}
Event: 180.695 GC heap before
{Heap before GC invocations=108 (full 0):
 garbage-first heap   total 227328K, used 203509K [0x0000000080000000, 0x0000000100000000)
  region size 1024K, 11 young (11264K), 2 survivors (2048K)
 Metaspace       used 106411K, capacity 109973K, committed 110076K, reserved 1144832K
  class space    used 13630K, capacity 14915K, committed 14976K, reserved 1048576K
}
Event: 180.699 GC heap after
{Heap after GC invocations=109 (full 0):
 garbage-first heap   total 273408K, used 196150K [0x0000000080000000, 0x0000000100000000)
  region size 1024K, 2 young (2048K), 2 survivors (2048K)
 Metaspace       used 106411K, capacity 109973K, committed 110076K, reserved 1144832K
  class space    used 13630K, capacity 14915K, committed 14976K, reserved 1048576K
}
Event: 180.959 GC heap before
{Heap before GC invocations=110 (full 0):
 garbage-first heap   total 273408K, used 215606K [0x0000000080000000, 0x0000000100000000)
  region size 1024K, 23 young (23552K), 2 survivors (2048K)
 Metaspace       used 107074K, capacity 110798K, committed 110972K, reserved 1144832K
  class space    used 13726K, capacity 15012K, committed 15104K, reserved 1048576K
}
Event: 180.964 GC heap after
{Heap after GC invocations=111 (full 0):
 garbage-first heap   total 273408K, used 197276K [0x0000000080000000, 0x0000000100000000)
  region size 1024K, 3 young (3072K), 3 survivors (3072K)
 Metaspace       used 107074K, capacity 110798K, committed 110972K, reserved 1144832K
  class space    used 13726K, capacity 15012K, committed 15104K, reserved 1048576K
}
Event: 181.516 GC heap before
{Heap before GC invocations=112 (full 0):
 garbage-first heap   total 273408K, used 226972K [0x0000000080000000, 0x0000000100000000)
  region size 1024K, 30 young (30720K), 3 survivors (3072K)
 Metaspace       used 109101K, capacity 112830K, committed 113020K, reserved 1146880K
  class space    used 13977K, capacity 15287K, committed 15360K, reserved 1048576K
}
Event: 181.526 GC heap after
{Heap after GC invocations=113 (full 0):
 garbage-first heap   total 273408K, used 211865K [0x0000000080000000, 0x0000000100000000)
  region size 1024K, 4 young (4096K), 4 survivors (4096K)
 Metaspace       used 109101K, capacity 112830K, committed 113020K, reserved 1146880K
  class space    used 13977K, capacity 15287K, committed 15360K, reserved 1048576K
}
Event: 181.712 GC heap before
{Heap before GC invocations=113 (full 0):
 garbage-first heap   total 273408K, used 227225K [0x0000000080000000, 0x0000000100000000)
  region size 1024K, 19 young (19456K), 4 survivors (4096K)
 Metaspace       used 109634K, capacity 113285K, committed 113532K, reserved 1146880K
  class space    used 14048K, capacity 15356K, committed 15360K, reserved 1048576K
}
Event: 181.718 GC heap after
{Heap after GC invocations=114 (full 0):
 garbage-first heap   total 273408K, used 215224K [0x0000000080000000, 0x0000000100000000)
  region size 1024K, 3 young (3072K), 3 survivors (3072K)
 Metaspace       used 109634K, capacity 113285K, committed 113532K, reserved 1146880K
  class space    used 14048K, capacity 15356K, committed 15360K, reserved 1048576K
}
Event: 181.938 GC heap before
{Heap before GC invocations=115 (full 0):
 garbage-first heap   total 273408K, used 234680K [0x0000000080000000, 0x0000000100000000)
  region size 1024K, 17 young (17408K), 3 survivors (3072K)
 Metaspace       used 109799K, capacity 113520K, committed 113660K, reserved 1146880K
  class space    used 14063K, capacity 15369K, committed 15488K, reserved 1048576K
}
Event: 181.981 GC heap after
{Heap after GC invocations=116 (full 0):
 garbage-first heap   total 371712K, used 227097K [0x0000000080000000, 0x0000000100000000)
  region size 1024K, 3 young (3072K), 3 survivors (3072K)
 Metaspace       used 109799K, capacity 113520K, committed 113660K, reserved 1146880K
  class space    used 14063K, capacity 15369K, committed 15488K, reserved 1048576K
}
Event: 182.532 GC heap before
{Heap before GC invocations=117 (full 0):
 garbage-first heap   total 371712K, used 283417K [0x0000000080000000, 0x0000000100000000)
  region size 1024K, 49 young (50176K), 3 survivors (3072K)
 Metaspace       used 112097K, capacity 116027K, committed 116220K, reserved 1150976K
  class space    used 14321K, capacity 15717K, committed 15744K, reserved 1048576K
}
Event: 182.545 GC heap after
{Heap after GC invocations=118 (full 0):
 garbage-first heap   total 371712K, used 226143K [0x0000000080000000, 0x0000000100000000)
  region size 1024K, 7 young (7168K), 7 survivors (7168K)
 Metaspace       used 112097K, capacity 116027K, committed 116220K, reserved 1150976K
  class space    used 14321K, capacity 15717K, committed 15744K, reserved 1048576K
}
Event: 182.864 GC heap before
{Heap before GC invocations=118 (full 0):
 garbage-first heap   total 371712K, used 276319K [0x0000000080000000, 0x0000000100000000)
  region size 1024K, 57 young (58368K), 7 survivors (7168K)
 Metaspace       used 112593K, capacity 116528K, committed 116860K, reserved 1150976K
  class space    used 14374K, capacity 15761K, committed 15872K, reserved 1048576K
}
Event: 182.876 GC heap after
{Heap after GC invocations=119 (full 0):
 garbage-first heap   total 371712K, used 229036K [0x0000000080000000, 0x0000000100000000)
  region size 1024K, 6 young (6144K), 6 survivors (6144K)
 Metaspace       used 112593K, capacity 116528K, committed 116860K, reserved 1150976K
  class space    used 14374K, capacity 15761K, committed 15872K, reserved 1048576K
}
Event: 183.277 GC heap before
{Heap before GC invocations=120 (full 0):
 garbage-first heap   total 371712K, used 272044K [0x0000000080000000, 0x0000000100000000)
  region size 1024K, 60 young (61440K), 6 survivors (6144K)
 Metaspace       used 113224K, capacity 117049K, committed 117116K, reserved 1150976K
  class space    used 14442K, capacity 15811K, committed 15872K, reserved 1048576K
}
Event: 183.287 GC heap after
{Heap after GC invocations=121 (full 0):
 garbage-first heap   total 371712K, used 220627K [0x0000000080000000, 0x0000000100000000)
  region size 1024K, 6 young (6144K), 6 survivors (6144K)
 Metaspace       used 113224K, capacity 117049K, committed 117116K, reserved 1150976K
  class space    used 14442K, capacity 15811K, committed 15872K, reserved 1048576K
}
Event: 183.333 GC heap before
{Heap before GC invocations=121 (full 0):
 garbage-first heap   total 371712K, used 231891K [0x0000000080000000, 0x0000000100000000)
  region size 1024K, 18 young (18432K), 6 survivors (6144K)
 Metaspace       used 113360K, capacity 117213K, committed 117372K, reserved 1150976K
  class space    used 14464K, capacity 15843K, committed 15872K, reserved 1048576K
}

